{"C:\\Users\\Paul\\Desktop\\SUPINFO\\NodeJS\\JSProject\\JSProject\\server-express.js": {"path":"C:\\Users\\Paul\\Desktop\\SUPINFO\\NodeJS\\JSProject\\JSProject\\server-express.js","statementMap":{"0":{"start":{"line":8,"column":12},"end":{"line":8,"column":21}},"1":{"start":{"line":10,"column":0},"end":{"line":10,"column":24}},"2":{"start":{"line":11,"column":0},"end":{"line":11,"column":48}},"3":{"start":{"line":13,"column":13},"end":{"line":13,"column":37}},"4":{"start":{"line":14,"column":14},"end":{"line":14,"column":106}},"5":{"start":{"line":16,"column":0},"end":{"line":20,"column":74}},"6":{"start":{"line":18,"column":8},"end":{"line":18,"column":45}},"7":{"start":{"line":20,"column":22},"end":{"line":20,"column":72}},"8":{"start":{"line":24,"column":0},"end":{"line":24,"column":30}},"9":{"start":{"line":25,"column":0},"end":{"line":25,"column":32}},"10":{"start":{"line":26,"column":0},"end":{"line":26,"column":46}},"11":{"start":{"line":27,"column":0},"end":{"line":27,"column":44}},"12":{"start":{"line":32,"column":0},"end":{"line":34,"column":3}},"13":{"start":{"line":33,"column":4},"end":{"line":33,"column":38}},"14":{"start":{"line":36,"column":15},"end":{"line":38,"column":1}},"15":{"start":{"line":37,"column":4},"end":{"line":37,"column":62}}},"fnMap":{"0":{"name":"(anonymous_0)","decl":{"start":{"line":17,"column":10},"end":{"line":17,"column":11}},"loc":{"start":{"line":17,"column":16},"end":{"line":19,"column":5}},"line":17},"1":{"name":"(anonymous_1)","decl":{"start":{"line":20,"column":11},"end":{"line":20,"column":12}},"loc":{"start":{"line":20,"column":22},"end":{"line":20,"column":72}},"line":20},"2":{"name":"(anonymous_2)","decl":{"start":{"line":32,"column":8},"end":{"line":32,"column":9}},"loc":{"start":{"line":32,"column":28},"end":{"line":34,"column":1}},"line":32},"3":{"name":"(anonymous_3)","decl":{"start":{"line":36,"column":32},"end":{"line":36,"column":33}},"loc":{"start":{"line":37,"column":4},"end":{"line":37,"column":62}},"line":37}},"branchMap":{"0":{"loc":{"start":{"line":13,"column":13},"end":{"line":13,"column":37}},"type":"binary-expr","locations":[{"start":{"line":13,"column":13},"end":{"line":13,"column":29}},{"start":{"line":13,"column":33},"end":{"line":13,"column":37}}],"line":13}},"s":{"0":4,"1":4,"2":4,"3":4,"4":4,"5":4,"6":4,"7":0,"8":4,"9":4,"10":4,"11":4,"12":4,"13":1,"14":4,"15":4},"f":{"0":4,"1":0,"2":1,"3":4},"b":{"0":[4,4]},"_coverageSchema":"1a1c01bbd47fc00a2c39e90264f33305004495a9","hash":"ccfcba33537daf7ec45d0c222fa7d5098c198d54"}
,"C:\\Users\\Paul\\Desktop\\SUPINFO\\NodeJS\\JSProject\\JSProject\\controllers\\reservationController.js": {"path":"C:\\Users\\Paul\\Desktop\\SUPINFO\\NodeJS\\JSProject\\JSProject\\controllers\\reservationController.js","statementMap":{"0":{"start":{"line":5,"column":33},"end":{"line":28,"column":1}},"1":{"start":{"line":6,"column":4},"end":{"line":27,"column":5}},"2":{"start":{"line":7,"column":26},"end":{"line":7,"column":34}},"3":{"start":{"line":9,"column":28},"end":{"line":9,"column":55}},"4":{"start":{"line":10,"column":8},"end":{"line":12,"column":9}},"5":{"start":{"line":11,"column":12},"end":{"line":11,"column":74}},"6":{"start":{"line":14,"column":28},"end":{"line":20,"column":10}},"7":{"start":{"line":22,"column":8},"end":{"line":22,"column":33}},"8":{"start":{"line":23,"column":8},"end":{"line":23,"column":92}},"9":{"start":{"line":25,"column":8},"end":{"line":25,"column":60}},"10":{"start":{"line":26,"column":8},"end":{"line":26,"column":112}},"11":{"start":{"line":30,"column":35},"end":{"line":43,"column":1}},"12":{"start":{"line":31,"column":4},"end":{"line":42,"column":5}},"13":{"start":{"line":32,"column":29},"end":{"line":32,"column":75}},"14":{"start":{"line":34,"column":8},"end":{"line":36,"column":9}},"15":{"start":{"line":35,"column":12},"end":{"line":35,"column":93}},"16":{"start":{"line":38,"column":8},"end":{"line":38,"column":96}},"17":{"start":{"line":40,"column":8},"end":{"line":40,"column":68}},"18":{"start":{"line":41,"column":8},"end":{"line":41,"column":105}},"19":{"start":{"line":45,"column":33},"end":{"line":58,"column":1}},"20":{"start":{"line":46,"column":4},"end":{"line":57,"column":5}},"21":{"start":{"line":47,"column":28},"end":{"line":47,"column":69}},"22":{"start":{"line":48,"column":8},"end":{"line":50,"column":9}},"23":{"start":{"line":49,"column":12},"end":{"line":49,"column":79}},"24":{"start":{"line":51,"column":8},"end":{"line":51,"column":41}},"25":{"start":{"line":52,"column":8},"end":{"line":52,"column":33}},"26":{"start":{"line":53,"column":8},"end":{"line":53,"column":81}},"27":{"start":{"line":55,"column":8},"end":{"line":55,"column":62}},"28":{"start":{"line":56,"column":8},"end":{"line":56,"column":99}},"29":{"start":{"line":60,"column":33},"end":{"line":75,"column":1}},"30":{"start":{"line":61,"column":19},"end":{"line":61,"column":29}},"31":{"start":{"line":63,"column":4},"end":{"line":74,"column":5}},"32":{"start":{"line":64,"column":28},"end":{"line":64,"column":95}},"33":{"start":{"line":66,"column":8},"end":{"line":68,"column":9}},"34":{"start":{"line":67,"column":12},"end":{"line":67,"column":136}},"35":{"start":{"line":70,"column":8},"end":{"line":70,"column":79}},"36":{"start":{"line":72,"column":8},"end":{"line":72,"column":60}},"37":{"start":{"line":73,"column":8},"end":{"line":73,"column":97}},"38":{"start":{"line":77,"column":34},"end":{"line":90,"column":1}},"39":{"start":{"line":78,"column":4},"end":{"line":89,"column":5}},"40":{"start":{"line":79,"column":29},"end":{"line":79,"column":53}},"41":{"start":{"line":81,"column":8},"end":{"line":83,"column":9}},"42":{"start":{"line":82,"column":12},"end":{"line":82,"column":79}},"43":{"start":{"line":85,"column":8},"end":{"line":85,"column":100}},"44":{"start":{"line":87,"column":8},"end":{"line":87,"column":63}},"45":{"start":{"line":88,"column":8},"end":{"line":88,"column":100}},"46":{"start":{"line":92,"column":35},"end":{"line":111,"column":1}},"47":{"start":{"line":93,"column":4},"end":{"line":110,"column":5}},"48":{"start":{"line":94,"column":23},"end":{"line":94,"column":33}},"49":{"start":{"line":95,"column":8},"end":{"line":97,"column":9}},"50":{"start":{"line":96,"column":12},"end":{"line":96,"column":80}},"51":{"start":{"line":99,"column":28},"end":{"line":99,"column":58}},"52":{"start":{"line":100,"column":8},"end":{"line":102,"column":9}},"53":{"start":{"line":101,"column":12},"end":{"line":101,"column":79}},"54":{"start":{"line":104,"column":8},"end":{"line":104,"column":41}},"55":{"start":{"line":105,"column":8},"end":{"line":105,"column":33}},"56":{"start":{"line":106,"column":8},"end":{"line":106,"column":81}},"57":{"start":{"line":108,"column":8},"end":{"line":108,"column":62}},"58":{"start":{"line":109,"column":8},"end":{"line":109,"column":99}}},"fnMap":{"0":{"name":"(anonymous_0)","decl":{"start":{"line":5,"column":33},"end":{"line":5,"column":34}},"loc":{"start":{"line":5,"column":53},"end":{"line":28,"column":1}},"line":5},"1":{"name":"(anonymous_1)","decl":{"start":{"line":30,"column":35},"end":{"line":30,"column":36}},"loc":{"start":{"line":30,"column":55},"end":{"line":43,"column":1}},"line":30},"2":{"name":"(anonymous_2)","decl":{"start":{"line":45,"column":33},"end":{"line":45,"column":34}},"loc":{"start":{"line":45,"column":53},"end":{"line":58,"column":1}},"line":45},"3":{"name":"(anonymous_3)","decl":{"start":{"line":60,"column":33},"end":{"line":60,"column":34}},"loc":{"start":{"line":60,"column":53},"end":{"line":75,"column":1}},"line":60},"4":{"name":"(anonymous_4)","decl":{"start":{"line":77,"column":34},"end":{"line":77,"column":35}},"loc":{"start":{"line":77,"column":54},"end":{"line":90,"column":1}},"line":77},"5":{"name":"(anonymous_5)","decl":{"start":{"line":92,"column":35},"end":{"line":92,"column":36}},"loc":{"start":{"line":92,"column":55},"end":{"line":111,"column":1}},"line":92}},"branchMap":{"0":{"loc":{"start":{"line":10,"column":8},"end":{"line":12,"column":9}},"type":"if","locations":[{"start":{"line":10,"column":8},"end":{"line":12,"column":9}},{"start":{},"end":{}}],"line":10},"1":{"loc":{"start":{"line":34,"column":8},"end":{"line":36,"column":9}},"type":"if","locations":[{"start":{"line":34,"column":8},"end":{"line":36,"column":9}},{"start":{},"end":{}}],"line":34},"2":{"loc":{"start":{"line":48,"column":8},"end":{"line":50,"column":9}},"type":"if","locations":[{"start":{"line":48,"column":8},"end":{"line":50,"column":9}},{"start":{},"end":{}}],"line":48},"3":{"loc":{"start":{"line":66,"column":8},"end":{"line":68,"column":9}},"type":"if","locations":[{"start":{"line":66,"column":8},"end":{"line":68,"column":9}},{"start":{},"end":{}}],"line":66},"4":{"loc":{"start":{"line":81,"column":8},"end":{"line":83,"column":9}},"type":"if","locations":[{"start":{"line":81,"column":8},"end":{"line":83,"column":9}},{"start":{},"end":{}}],"line":81},"5":{"loc":{"start":{"line":95,"column":8},"end":{"line":97,"column":9}},"type":"if","locations":[{"start":{"line":95,"column":8},"end":{"line":97,"column":9}},{"start":{},"end":{}}],"line":95},"6":{"loc":{"start":{"line":100,"column":8},"end":{"line":102,"column":9}},"type":"if","locations":[{"start":{"line":100,"column":8},"end":{"line":102,"column":9}},{"start":{},"end":{}}],"line":100}},"s":{"0":4,"1":0,"2":0,"3":0,"4":0,"5":0,"6":0,"7":0,"8":0,"9":0,"10":0,"11":4,"12":0,"13":0,"14":0,"15":0,"16":0,"17":0,"18":0,"19":4,"20":0,"21":0,"22":0,"23":0,"24":0,"25":0,"26":0,"27":0,"28":0,"29":4,"30":0,"31":0,"32":0,"33":0,"34":0,"35":0,"36":0,"37":0,"38":4,"39":1,"40":1,"41":1,"42":0,"43":1,"44":0,"45":0,"46":4,"47":0,"48":0,"49":0,"50":0,"51":0,"52":0,"53":0,"54":0,"55":0,"56":0,"57":0,"58":0},"f":{"0":0,"1":0,"2":0,"3":0,"4":1,"5":0},"b":{"0":[0,0],"1":[0,0],"2":[0,0],"3":[0,0],"4":[0,1],"5":[0,0],"6":[0,0]},"_coverageSchema":"1a1c01bbd47fc00a2c39e90264f33305004495a9","hash":"52341c2c5b3f23c40b79e5519dac510c1e5647d0"}
,"C:\\Users\\Paul\\Desktop\\SUPINFO\\NodeJS\\JSProject\\JSProject\\controllers\\trainController.js": {"path":"C:\\Users\\Paul\\Desktop\\SUPINFO\\NodeJS\\JSProject\\JSProject\\controllers\\trainController.js","statementMap":{"0":{"start":{"line":3,"column":24},"end":{"line":10,"column":1}},"1":{"start":{"line":4,"column":4},"end":{"line":9,"column":5}},"2":{"start":{"line":5,"column":22},"end":{"line":5,"column":50}},"3":{"start":{"line":6,"column":8},"end":{"line":6,"column":36}},"4":{"start":{"line":8,"column":8},"end":{"line":8,"column":57}},"5":{"start":{"line":12,"column":25},"end":{"line":19,"column":1}},"6":{"start":{"line":13,"column":4},"end":{"line":18,"column":5}},"7":{"start":{"line":14,"column":23},"end":{"line":14,"column":41}},"8":{"start":{"line":15,"column":8},"end":{"line":15,"column":37}},"9":{"start":{"line":17,"column":8},"end":{"line":17,"column":57}},"10":{"start":{"line":21,"column":28},"end":{"line":31,"column":1}},"11":{"start":{"line":22,"column":4},"end":{"line":30,"column":5}},"12":{"start":{"line":23,"column":22},"end":{"line":23,"column":57}},"13":{"start":{"line":24,"column":8},"end":{"line":26,"column":9}},"14":{"start":{"line":25,"column":12},"end":{"line":25,"column":72}},"15":{"start":{"line":27,"column":8},"end":{"line":27,"column":36}},"16":{"start":{"line":29,"column":8},"end":{"line":29,"column":57}},"17":{"start":{"line":33,"column":27},"end":{"line":46,"column":1}},"18":{"start":{"line":34,"column":4},"end":{"line":45,"column":5}},"19":{"start":{"line":35,"column":24},"end":{"line":35,"column":37}},"20":{"start":{"line":36,"column":22},"end":{"line":36,"column":85}},"21":{"start":{"line":37,"column":8},"end":{"line":41,"column":9}},"22":{"start":{"line":38,"column":12},"end":{"line":38,"column":72}},"23":{"start":{"line":40,"column":12},"end":{"line":40,"column":40}},"24":{"start":{"line":44,"column":8},"end":{"line":44,"column":57}},"25":{"start":{"line":48,"column":27},"end":{"line":61,"column":1}},"26":{"start":{"line":49,"column":4},"end":{"line":60,"column":5}},"27":{"start":{"line":50,"column":24},"end":{"line":50,"column":37}},"28":{"start":{"line":51,"column":22},"end":{"line":51,"column":60}},"29":{"start":{"line":52,"column":8},"end":{"line":56,"column":9}},"30":{"start":{"line":53,"column":12},"end":{"line":53,"column":72}},"31":{"start":{"line":55,"column":12},"end":{"line":55,"column":63}},"32":{"start":{"line":59,"column":8},"end":{"line":59,"column":57}}},"fnMap":{"0":{"name":"(anonymous_0)","decl":{"start":{"line":3,"column":24},"end":{"line":3,"column":25}},"loc":{"start":{"line":3,"column":44},"end":{"line":10,"column":1}},"line":3},"1":{"name":"(anonymous_1)","decl":{"start":{"line":12,"column":25},"end":{"line":12,"column":26}},"loc":{"start":{"line":12,"column":45},"end":{"line":19,"column":1}},"line":12},"2":{"name":"(anonymous_2)","decl":{"start":{"line":21,"column":28},"end":{"line":21,"column":29}},"loc":{"start":{"line":21,"column":48},"end":{"line":31,"column":1}},"line":21},"3":{"name":"(anonymous_3)","decl":{"start":{"line":33,"column":27},"end":{"line":33,"column":28}},"loc":{"start":{"line":33,"column":47},"end":{"line":46,"column":1}},"line":33},"4":{"name":"(anonymous_4)","decl":{"start":{"line":48,"column":27},"end":{"line":48,"column":28}},"loc":{"start":{"line":48,"column":47},"end":{"line":61,"column":1}},"line":48}},"branchMap":{"0":{"loc":{"start":{"line":24,"column":8},"end":{"line":26,"column":9}},"type":"if","locations":[{"start":{"line":24,"column":8},"end":{"line":26,"column":9}},{"start":{},"end":{}}],"line":24},"1":{"loc":{"start":{"line":37,"column":8},"end":{"line":41,"column":9}},"type":"if","locations":[{"start":{"line":37,"column":8},"end":{"line":41,"column":9}},{"start":{"line":39,"column":15},"end":{"line":41,"column":9}}],"line":37},"2":{"loc":{"start":{"line":52,"column":8},"end":{"line":56,"column":9}},"type":"if","locations":[{"start":{"line":52,"column":8},"end":{"line":56,"column":9}},{"start":{"line":54,"column":15},"end":{"line":56,"column":9}}],"line":52}},"s":{"0":4,"1":0,"2":0,"3":0,"4":0,"5":4,"6":1,"7":1,"8":1,"9":0,"10":4,"11":2,"12":2,"13":2,"14":1,"15":1,"16":0,"17":4,"18":0,"19":0,"20":0,"21":0,"22":0,"23":0,"24":0,"25":4,"26":0,"27":0,"28":0,"29":0,"30":0,"31":0,"32":0},"f":{"0":0,"1":1,"2":2,"3":0,"4":0},"b":{"0":[1,1],"1":[0,0],"2":[0,0]},"_coverageSchema":"1a1c01bbd47fc00a2c39e90264f33305004495a9","hash":"ba7b0cd92a874eb45abd1d7d1c8e3990445a3f46"}
,"C:\\Users\\Paul\\Desktop\\SUPINFO\\NodeJS\\JSProject\\JSProject\\controllers\\trainstationController.js": {"path":"C:\\Users\\Paul\\Desktop\\SUPINFO\\NodeJS\\JSProject\\JSProject\\controllers\\trainstationController.js","statementMap":{"0":{"start":{"line":10,"column":16},"end":{"line":10,"column":38}},"1":{"start":{"line":11,"column":15},"end":{"line":11,"column":43}},"2":{"start":{"line":14,"column":27},"end":{"line":28,"column":1}},"3":{"start":{"line":15,"column":2},"end":{"line":27,"column":3}},"4":{"start":{"line":17,"column":6},"end":{"line":19,"column":7}},"5":{"start":{"line":18,"column":10},"end":{"line":18,"column":60}},"6":{"start":{"line":20,"column":6},"end":{"line":22,"column":30}},"7":{"start":{"line":23,"column":6},"end":{"line":23,"column":61}},"8":{"start":{"line":25,"column":6},"end":{"line":25,"column":58}},"9":{"start":{"line":26,"column":6},"end":{"line":26,"column":39}},"10":{"start":{"line":32,"column":31},"end":{"line":67,"column":1}},"11":{"start":{"line":33,"column":2},"end":{"line":66,"column":3}},"12":{"start":{"line":34,"column":46},"end":{"line":34,"column":54}},"13":{"start":{"line":37,"column":6},"end":{"line":61,"column":7}},"14":{"start":{"line":39,"column":35},"end":{"line":39,"column":94}},"15":{"start":{"line":42,"column":10},"end":{"line":44,"column":40}},"16":{"start":{"line":46,"column":10},"end":{"line":46,"column":74}},"17":{"start":{"line":49,"column":31},"end":{"line":54,"column":12}},"18":{"start":{"line":56,"column":10},"end":{"line":56,"column":36}},"19":{"start":{"line":58,"column":10},"end":{"line":58,"column":93}},"20":{"start":{"line":60,"column":10},"end":{"line":60,"column":70}},"21":{"start":{"line":64,"column":6},"end":{"line":64,"column":63}},"22":{"start":{"line":65,"column":6},"end":{"line":65,"column":55}},"23":{"start":{"line":69,"column":34},"end":{"line":106,"column":1}},"24":{"start":{"line":70,"column":2},"end":{"line":105,"column":3}},"25":{"start":{"line":71,"column":21},"end":{"line":71,"column":31}},"26":{"start":{"line":72,"column":27},"end":{"line":72,"column":58}},"27":{"start":{"line":74,"column":6},"end":{"line":76,"column":7}},"28":{"start":{"line":75,"column":10},"end":{"line":75,"column":77}},"29":{"start":{"line":79,"column":6},"end":{"line":93,"column":7}},"30":{"start":{"line":80,"column":35},"end":{"line":80,"column":94}},"31":{"start":{"line":85,"column":10},"end":{"line":87,"column":40}},"32":{"start":{"line":89,"column":10},"end":{"line":89,"column":74}},"33":{"start":{"line":92,"column":10},"end":{"line":92,"column":48}},"34":{"start":{"line":95,"column":6},"end":{"line":95,"column":61}},"35":{"start":{"line":96,"column":6},"end":{"line":96,"column":76}},"36":{"start":{"line":97,"column":6},"end":{"line":97,"column":79}},"37":{"start":{"line":99,"column":6},"end":{"line":99,"column":32}},"38":{"start":{"line":101,"column":6},"end":{"line":101,"column":41}},"39":{"start":{"line":103,"column":6},"end":{"line":103,"column":65}},"40":{"start":{"line":104,"column":6},"end":{"line":104,"column":55}},"41":{"start":{"line":109,"column":32},"end":{"line":116,"column":1}},"42":{"start":{"line":110,"column":4},"end":{"line":115,"column":5}},"43":{"start":{"line":111,"column":30},"end":{"line":111,"column":55}},"44":{"start":{"line":112,"column":8},"end":{"line":112,"column":44}},"45":{"start":{"line":114,"column":8},"end":{"line":114,"column":57}},"46":{"start":{"line":118,"column":35},"end":{"line":128,"column":1}},"47":{"start":{"line":119,"column":4},"end":{"line":127,"column":5}},"48":{"start":{"line":120,"column":29},"end":{"line":120,"column":71}},"49":{"start":{"line":121,"column":8},"end":{"line":123,"column":9}},"50":{"start":{"line":122,"column":12},"end":{"line":122,"column":79}},"51":{"start":{"line":124,"column":8},"end":{"line":124,"column":43}},"52":{"start":{"line":126,"column":8},"end":{"line":126,"column":57}},"53":{"start":{"line":131,"column":34},"end":{"line":173,"column":1}},"54":{"start":{"line":132,"column":4},"end":{"line":172,"column":5}},"55":{"start":{"line":133,"column":31},"end":{"line":133,"column":44}},"56":{"start":{"line":136,"column":29},"end":{"line":136,"column":72}},"57":{"start":{"line":137,"column":8},"end":{"line":139,"column":9}},"58":{"start":{"line":138,"column":12},"end":{"line":138,"column":79}},"59":{"start":{"line":142,"column":23},"end":{"line":147,"column":10}},"60":{"start":{"line":150,"column":25},"end":{"line":150,"column":55}},"61":{"start":{"line":150,"column":45},"end":{"line":150,"column":54}},"62":{"start":{"line":153,"column":8},"end":{"line":155,"column":11}},"63":{"start":{"line":158,"column":8},"end":{"line":164,"column":11}},"64":{"start":{"line":167,"column":8},"end":{"line":167,"column":39}},"65":{"start":{"line":169,"column":8},"end":{"line":169,"column":116}},"66":{"start":{"line":171,"column":8},"end":{"line":171,"column":57}}},"fnMap":{"0":{"name":"(anonymous_0)","decl":{"start":{"line":14,"column":27},"end":{"line":14,"column":28}},"loc":{"start":{"line":14,"column":75},"end":{"line":28,"column":1}},"line":14},"1":{"name":"(anonymous_1)","decl":{"start":{"line":32,"column":31},"end":{"line":32,"column":32}},"loc":{"start":{"line":32,"column":51},"end":{"line":67,"column":1}},"line":32},"2":{"name":"(anonymous_2)","decl":{"start":{"line":69,"column":34},"end":{"line":69,"column":35}},"loc":{"start":{"line":69,"column":54},"end":{"line":106,"column":1}},"line":69},"3":{"name":"(anonymous_3)","decl":{"start":{"line":109,"column":32},"end":{"line":109,"column":33}},"loc":{"start":{"line":109,"column":52},"end":{"line":116,"column":1}},"line":109},"4":{"name":"(anonymous_4)","decl":{"start":{"line":118,"column":35},"end":{"line":118,"column":36}},"loc":{"start":{"line":118,"column":55},"end":{"line":128,"column":1}},"line":118},"5":{"name":"(anonymous_5)","decl":{"start":{"line":131,"column":34},"end":{"line":131,"column":35}},"loc":{"start":{"line":131,"column":54},"end":{"line":173,"column":1}},"line":131},"6":{"name":"(anonymous_6)","decl":{"start":{"line":150,"column":36},"end":{"line":150,"column":37}},"loc":{"start":{"line":150,"column":45},"end":{"line":150,"column":54}},"line":150}},"branchMap":{"0":{"loc":{"start":{"line":17,"column":6},"end":{"line":19,"column":7}},"type":"if","locations":[{"start":{"line":17,"column":6},"end":{"line":19,"column":7}},{"start":{},"end":{}}],"line":17},"1":{"loc":{"start":{"line":37,"column":6},"end":{"line":61,"column":7}},"type":"if","locations":[{"start":{"line":37,"column":6},"end":{"line":61,"column":7}},{"start":{"line":59,"column":13},"end":{"line":61,"column":7}}],"line":37},"2":{"loc":{"start":{"line":74,"column":6},"end":{"line":76,"column":7}},"type":"if","locations":[{"start":{"line":74,"column":6},"end":{"line":76,"column":7}},{"start":{},"end":{}}],"line":74},"3":{"loc":{"start":{"line":79,"column":6},"end":{"line":93,"column":7}},"type":"if","locations":[{"start":{"line":79,"column":6},"end":{"line":93,"column":7}},{"start":{},"end":{}}],"line":79},"4":{"loc":{"start":{"line":95,"column":26},"end":{"line":95,"column":60}},"type":"binary-expr","locations":[{"start":{"line":95,"column":26},"end":{"line":95,"column":39}},{"start":{"line":95,"column":43},"end":{"line":95,"column":60}}],"line":95},"5":{"loc":{"start":{"line":96,"column":31},"end":{"line":96,"column":75}},"type":"binary-expr","locations":[{"start":{"line":96,"column":31},"end":{"line":96,"column":49}},{"start":{"line":96,"column":53},"end":{"line":96,"column":75}}],"line":96},"6":{"loc":{"start":{"line":97,"column":32},"end":{"line":97,"column":78}},"type":"binary-expr","locations":[{"start":{"line":97,"column":32},"end":{"line":97,"column":51}},{"start":{"line":97,"column":55},"end":{"line":97,"column":78}}],"line":97},"7":{"loc":{"start":{"line":121,"column":8},"end":{"line":123,"column":9}},"type":"if","locations":[{"start":{"line":121,"column":8},"end":{"line":123,"column":9}},{"start":{},"end":{}}],"line":121},"8":{"loc":{"start":{"line":137,"column":8},"end":{"line":139,"column":9}},"type":"if","locations":[{"start":{"line":137,"column":8},"end":{"line":139,"column":9}},{"start":{},"end":{}}],"line":137}},"s":{"0":4,"1":4,"2":4,"3":0,"4":0,"5":0,"6":0,"7":0,"8":0,"9":0,"10":4,"11":0,"12":0,"13":0,"14":0,"15":0,"16":0,"17":0,"18":0,"19":0,"20":0,"21":0,"22":0,"23":4,"24":0,"25":0,"26":0,"27":0,"28":0,"29":0,"30":0,"31":0,"32":0,"33":0,"34":0,"35":0,"36":0,"37":0,"38":0,"39":0,"40":0,"41":4,"42":1,"43":1,"44":1,"45":0,"46":4,"47":1,"48":1,"49":1,"50":0,"51":1,"52":0,"53":4,"54":0,"55":0,"56":0,"57":0,"58":0,"59":0,"60":0,"61":0,"62":0,"63":0,"64":0,"65":0,"66":0},"f":{"0":0,"1":0,"2":0,"3":1,"4":1,"5":0,"6":0},"b":{"0":[0,0],"1":[0,0],"2":[0,0],"3":[0,0],"4":[0,0],"5":[0,0],"6":[0,0],"7":[0,1],"8":[0,0]},"_coverageSchema":"1a1c01bbd47fc00a2c39e90264f33305004495a9","hash":"257548e758a7f910b593199ad94ddfd3f49fd3ed"}
,"C:\\Users\\Paul\\Desktop\\SUPINFO\\NodeJS\\JSProject\\JSProject\\controllers\\userController.js": {"path":"C:\\Users\\Paul\\Desktop\\SUPINFO\\NodeJS\\JSProject\\JSProject\\controllers\\userController.js","statementMap":{"0":{"start":{"line":6,"column":22},"end":{"line":6,"column":43}},"1":{"start":{"line":9,"column":22},"end":{"line":12,"column":1}},"2":{"start":{"line":10,"column":22},"end":{"line":10,"column":77}},"3":{"start":{"line":11,"column":1},"end":{"line":11,"column":38}},"4":{"start":{"line":14,"column":28},"end":{"line":34,"column":1}},"5":{"start":{"line":15,"column":48},"end":{"line":15,"column":56}},"6":{"start":{"line":17,"column":4},"end":{"line":33,"column":5}},"7":{"start":{"line":19,"column":29},"end":{"line":19,"column":58}},"8":{"start":{"line":20,"column":8},"end":{"line":22,"column":9}},"9":{"start":{"line":21,"column":12},"end":{"line":21,"column":92}},"10":{"start":{"line":25,"column":21},"end":{"line":25,"column":82}},"11":{"start":{"line":26,"column":8},"end":{"line":26,"column":26}},"12":{"start":{"line":28,"column":22},"end":{"line":28,"column":98}},"13":{"start":{"line":29,"column":8},"end":{"line":29,"column":40}},"14":{"start":{"line":31,"column":8},"end":{"line":31,"column":56}},"15":{"start":{"line":32,"column":8},"end":{"line":32,"column":109}},"16":{"start":{"line":36,"column":25},"end":{"line":56,"column":1}},"17":{"start":{"line":37,"column":32},"end":{"line":37,"column":40}},"18":{"start":{"line":39,"column":4},"end":{"line":55,"column":5}},"19":{"start":{"line":40,"column":21},"end":{"line":40,"column":50}},"20":{"start":{"line":41,"column":8},"end":{"line":43,"column":9}},"21":{"start":{"line":42,"column":12},"end":{"line":42,"column":86}},"22":{"start":{"line":45,"column":24},"end":{"line":45,"column":69}},"23":{"start":{"line":46,"column":8},"end":{"line":48,"column":9}},"24":{"start":{"line":47,"column":12},"end":{"line":47,"column":76}},"25":{"start":{"line":50,"column":22},"end":{"line":50,"column":114}},"26":{"start":{"line":51,"column":8},"end":{"line":51,"column":40}},"27":{"start":{"line":53,"column":8},"end":{"line":53,"column":52}},"28":{"start":{"line":54,"column":8},"end":{"line":54,"column":95}},"29":{"start":{"line":58,"column":30},"end":{"line":72,"column":1}},"30":{"start":{"line":59,"column":4},"end":{"line":71,"column":5}},"31":{"start":{"line":60,"column":21},"end":{"line":60,"column":55}},"32":{"start":{"line":61,"column":8},"end":{"line":63,"column":9}},"33":{"start":{"line":62,"column":12},"end":{"line":62,"column":71}},"34":{"start":{"line":64,"column":8},"end":{"line":64,"column":35}},"35":{"start":{"line":66,"column":8},"end":{"line":68,"column":9}},"36":{"start":{"line":67,"column":12},"end":{"line":67,"column":79}},"37":{"start":{"line":69,"column":8},"end":{"line":69,"column":61}},"38":{"start":{"line":70,"column":8},"end":{"line":70,"column":98}},"39":{"start":{"line":75,"column":27},"end":{"line":83,"column":1}},"40":{"start":{"line":76,"column":4},"end":{"line":82,"column":5}},"41":{"start":{"line":77,"column":22},"end":{"line":77,"column":41}},"42":{"start":{"line":78,"column":8},"end":{"line":78,"column":36}},"43":{"start":{"line":80,"column":8},"end":{"line":80,"column":54}},"44":{"start":{"line":81,"column":8},"end":{"line":81,"column":87}},"45":{"start":{"line":86,"column":33},"end":{"line":108,"column":1}},"46":{"start":{"line":87,"column":4},"end":{"line":107,"column":5}},"47":{"start":{"line":88,"column":23},"end":{"line":88,"column":36}},"48":{"start":{"line":91,"column":8},"end":{"line":96,"column":9}},"49":{"start":{"line":92,"column":33},"end":{"line":92,"column":84}},"50":{"start":{"line":93,"column":12},"end":{"line":95,"column":13}},"51":{"start":{"line":94,"column":16},"end":{"line":94,"column":101}},"52":{"start":{"line":99,"column":28},"end":{"line":99,"column":89}},"53":{"start":{"line":100,"column":8},"end":{"line":102,"column":9}},"54":{"start":{"line":101,"column":12},"end":{"line":101,"column":71}},"55":{"start":{"line":103,"column":8},"end":{"line":103,"column":49}},"56":{"start":{"line":105,"column":8},"end":{"line":105,"column":61}},"57":{"start":{"line":106,"column":8},"end":{"line":106,"column":96}},"58":{"start":{"line":112,"column":26},"end":{"line":126,"column":1}},"59":{"start":{"line":113,"column":4},"end":{"line":125,"column":5}},"60":{"start":{"line":114,"column":28},"end":{"line":114,"column":71}},"61":{"start":{"line":115,"column":8},"end":{"line":117,"column":9}},"62":{"start":{"line":116,"column":12},"end":{"line":116,"column":71}},"63":{"start":{"line":118,"column":8},"end":{"line":118,"column":71}},"64":{"start":{"line":120,"column":8},"end":{"line":122,"column":9}},"65":{"start":{"line":121,"column":12},"end":{"line":121,"column":79}},"66":{"start":{"line":123,"column":8},"end":{"line":123,"column":53}},"67":{"start":{"line":124,"column":8},"end":{"line":124,"column":88}}},"fnMap":{"0":{"name":"(anonymous_0)","decl":{"start":{"line":9,"column":22},"end":{"line":9,"column":23}},"loc":{"start":{"line":9,"column":39},"end":{"line":12,"column":1}},"line":9},"1":{"name":"(anonymous_1)","decl":{"start":{"line":14,"column":28},"end":{"line":14,"column":29}},"loc":{"start":{"line":14,"column":48},"end":{"line":34,"column":1}},"line":14},"2":{"name":"(anonymous_2)","decl":{"start":{"line":36,"column":25},"end":{"line":36,"column":26}},"loc":{"start":{"line":36,"column":45},"end":{"line":56,"column":1}},"line":36},"3":{"name":"(anonymous_3)","decl":{"start":{"line":58,"column":30},"end":{"line":58,"column":31}},"loc":{"start":{"line":58,"column":50},"end":{"line":72,"column":1}},"line":58},"4":{"name":"(anonymous_4)","decl":{"start":{"line":75,"column":27},"end":{"line":75,"column":28}},"loc":{"start":{"line":75,"column":47},"end":{"line":83,"column":1}},"line":75},"5":{"name":"(anonymous_5)","decl":{"start":{"line":86,"column":33},"end":{"line":86,"column":34}},"loc":{"start":{"line":86,"column":53},"end":{"line":108,"column":1}},"line":86},"6":{"name":"(anonymous_6)","decl":{"start":{"line":112,"column":26},"end":{"line":112,"column":27}},"loc":{"start":{"line":112,"column":46},"end":{"line":126,"column":1}},"line":112}},"branchMap":{"0":{"loc":{"start":{"line":10,"column":22},"end":{"line":10,"column":77}},"type":"cond-expr","locations":[{"start":{"line":10,"column":51},"end":{"line":10,"column":68}},{"start":{"line":10,"column":71},"end":{"line":10,"column":77}}],"line":10},"1":{"loc":{"start":{"line":20,"column":8},"end":{"line":22,"column":9}},"type":"if","locations":[{"start":{"line":20,"column":8},"end":{"line":22,"column":9}},{"start":{},"end":{}}],"line":20},"2":{"loc":{"start":{"line":25,"column":65},"end":{"line":25,"column":79}},"type":"binary-expr","locations":[{"start":{"line":25,"column":65},"end":{"line":25,"column":69}},{"start":{"line":25,"column":73},"end":{"line":25,"column":79}}],"line":25},"3":{"loc":{"start":{"line":41,"column":8},"end":{"line":43,"column":9}},"type":"if","locations":[{"start":{"line":41,"column":8},"end":{"line":43,"column":9}},{"start":{},"end":{}}],"line":41},"4":{"loc":{"start":{"line":46,"column":8},"end":{"line":48,"column":9}},"type":"if","locations":[{"start":{"line":46,"column":8},"end":{"line":48,"column":9}},{"start":{},"end":{}}],"line":46},"5":{"loc":{"start":{"line":61,"column":8},"end":{"line":63,"column":9}},"type":"if","locations":[{"start":{"line":61,"column":8},"end":{"line":63,"column":9}},{"start":{},"end":{}}],"line":61},"6":{"loc":{"start":{"line":66,"column":8},"end":{"line":68,"column":9}},"type":"if","locations":[{"start":{"line":66,"column":8},"end":{"line":68,"column":9}},{"start":{},"end":{}}],"line":66},"7":{"loc":{"start":{"line":91,"column":8},"end":{"line":96,"column":9}},"type":"if","locations":[{"start":{"line":91,"column":8},"end":{"line":96,"column":9}},{"start":{},"end":{}}],"line":91},"8":{"loc":{"start":{"line":93,"column":12},"end":{"line":95,"column":13}},"type":"if","locations":[{"start":{"line":93,"column":12},"end":{"line":95,"column":13}},{"start":{},"end":{}}],"line":93},"9":{"loc":{"start":{"line":93,"column":16},"end":{"line":93,"column":70}},"type":"binary-expr","locations":[{"start":{"line":93,"column":16},"end":{"line":93,"column":28}},{"start":{"line":93,"column":32},"end":{"line":93,"column":70}}],"line":93},"10":{"loc":{"start":{"line":100,"column":8},"end":{"line":102,"column":9}},"type":"if","locations":[{"start":{"line":100,"column":8},"end":{"line":102,"column":9}},{"start":{},"end":{}}],"line":100},"11":{"loc":{"start":{"line":115,"column":8},"end":{"line":117,"column":9}},"type":"if","locations":[{"start":{"line":115,"column":8},"end":{"line":117,"column":9}},{"start":{},"end":{}}],"line":115},"12":{"loc":{"start":{"line":120,"column":8},"end":{"line":122,"column":9}},"type":"if","locations":[{"start":{"line":120,"column":8},"end":{"line":122,"column":9}},{"start":{},"end":{}}],"line":120}},"s":{"0":4,"1":4,"2":0,"3":0,"4":4,"5":1,"6":1,"7":1,"8":1,"9":0,"10":1,"11":1,"12":1,"13":1,"14":0,"15":0,"16":4,"17":3,"18":3,"19":3,"20":3,"21":1,"22":2,"23":2,"24":1,"25":1,"26":1,"27":0,"28":0,"29":4,"30":0,"31":0,"32":0,"33":0,"34":0,"35":0,"36":0,"37":0,"38":0,"39":4,"40":0,"41":0,"42":0,"43":0,"44":0,"45":4,"46":0,"47":0,"48":0,"49":0,"50":0,"51":0,"52":0,"53":0,"54":0,"55":0,"56":0,"57":0,"58":4,"59":0,"60":0,"61":0,"62":0,"63":0,"64":0,"65":0,"66":0,"67":0},"f":{"0":0,"1":1,"2":3,"3":0,"4":0,"5":0,"6":0},"b":{"0":[0,0],"1":[0,1],"2":[1,1],"3":[1,2],"4":[1,1],"5":[0,0],"6":[0,0],"7":[0,0],"8":[0,0],"9":[0,0],"10":[0,0],"11":[0,0],"12":[0,0]},"_coverageSchema":"1a1c01bbd47fc00a2c39e90264f33305004495a9","hash":"d2f9aa3ee950761c37650a7488001ac63bf873cd"}
,"C:\\Users\\Paul\\Desktop\\SUPINFO\\NodeJS\\JSProject\\JSProject\\middlewares\\authMiddleware.js": {"path":"C:\\Users\\Paul\\Desktop\\SUPINFO\\NodeJS\\JSProject\\JSProject\\middlewares\\authMiddleware.js","statementMap":{"0":{"start":{"line":4,"column":30},"end":{"line":20,"column":1}},"1":{"start":{"line":5,"column":16},"end":{"line":5,"column":58}},"2":{"start":{"line":7,"column":2},"end":{"line":9,"column":3}},"3":{"start":{"line":8,"column":4},"end":{"line":8,"column":88}},"4":{"start":{"line":11,"column":2},"end":{"line":19,"column":3}},"5":{"start":{"line":13,"column":20},"end":{"line":13,"column":45}},"6":{"start":{"line":14,"column":4},"end":{"line":14,"column":23}},"7":{"start":{"line":15,"column":4},"end":{"line":15,"column":36}},"8":{"start":{"line":16,"column":4},"end":{"line":16,"column":11}},"9":{"start":{"line":18,"column":4},"end":{"line":18,"column":60}}},"fnMap":{"0":{"name":"(anonymous_0)","decl":{"start":{"line":4,"column":30},"end":{"line":4,"column":31}},"loc":{"start":{"line":4,"column":50},"end":{"line":20,"column":1}},"line":4}},"branchMap":{"0":{"loc":{"start":{"line":7,"column":2},"end":{"line":9,"column":3}},"type":"if","locations":[{"start":{"line":7,"column":2},"end":{"line":9,"column":3}},{"start":{},"end":{}}],"line":7}},"s":{"0":4,"1":3,"2":3,"3":3,"4":0,"5":0,"6":0,"7":0,"8":0,"9":0},"f":{"0":3},"b":{"0":[3,0]},"_coverageSchema":"1a1c01bbd47fc00a2c39e90264f33305004495a9","hash":"74ab6fff02f848f03ed09700c9cee762301ec203"}
,"C:\\Users\\Paul\\Desktop\\SUPINFO\\NodeJS\\JSProject\\JSProject\\middlewares\\multerMiddleware.js": {"path":"C:\\Users\\Paul\\Desktop\\SUPINFO\\NodeJS\\JSProject\\JSProject\\middlewares\\multerMiddleware.js","statementMap":{"0":{"start":{"line":4,"column":16},"end":{"line":4,"column":38}},"1":{"start":{"line":5,"column":15},"end":{"line":5,"column":43}},"2":{"start":{"line":8,"column":32},"end":{"line":8,"column":54}}},"fnMap":{},"branchMap":{},"s":{"0":4,"1":4,"2":4},"f":{},"b":{},"_coverageSchema":"1a1c01bbd47fc00a2c39e90264f33305004495a9","hash":"f8bdcb74b79644172f2eaa3edb942d3c6dab87df"}
,"C:\\Users\\Paul\\Desktop\\SUPINFO\\NodeJS\\JSProject\\JSProject\\middlewares\\restrictRoleMiddleware.js": {"path":"C:\\Users\\Paul\\Desktop\\SUPINFO\\NodeJS\\JSProject\\JSProject\\middlewares\\restrictRoleMiddleware.js","statementMap":{"0":{"start":{"line":1,"column":38},"end":{"line":16,"column":1}},"1":{"start":{"line":3,"column":4},"end":{"line":5,"column":5}},"2":{"start":{"line":4,"column":8},"end":{"line":4,"column":95}},"3":{"start":{"line":7,"column":4},"end":{"line":7,"column":39}},"4":{"start":{"line":8,"column":4},"end":{"line":8,"column":39}},"5":{"start":{"line":11,"column":4},"end":{"line":13,"column":5}},"6":{"start":{"line":12,"column":8},"end":{"line":12,"column":110}},"7":{"start":{"line":15,"column":4},"end":{"line":15,"column":11}}},"fnMap":{"0":{"name":"(anonymous_0)","decl":{"start":{"line":1,"column":38},"end":{"line":1,"column":39}},"loc":{"start":{"line":1,"column":58},"end":{"line":16,"column":1}},"line":1}},"branchMap":{"0":{"loc":{"start":{"line":3,"column":4},"end":{"line":5,"column":5}},"type":"if","locations":[{"start":{"line":3,"column":4},"end":{"line":5,"column":5}},{"start":{},"end":{}}],"line":3},"1":{"loc":{"start":{"line":11,"column":4},"end":{"line":13,"column":5}},"type":"if","locations":[{"start":{"line":11,"column":4},"end":{"line":13,"column":5}},{"start":{},"end":{}}],"line":11},"2":{"loc":{"start":{"line":11,"column":8},"end":{"line":11,"column":50}},"type":"binary-expr","locations":[{"start":{"line":11,"column":8},"end":{"line":11,"column":21}},{"start":{"line":11,"column":25},"end":{"line":11,"column":50}}],"line":11}},"s":{"0":4,"1":0,"2":0,"3":0,"4":0,"5":0,"6":0,"7":0},"f":{"0":0},"b":{"0":[0,0],"1":[0,0],"2":[0,0]},"_coverageSchema":"1a1c01bbd47fc00a2c39e90264f33305004495a9","hash":"4a2fdf33c25c3fca44699a45fc21d5000df8075d"}
,"C:\\Users\\Paul\\Desktop\\SUPINFO\\NodeJS\\JSProject\\JSProject\\middlewares\\roleMiddleware.js": {"path":"C:\\Users\\Paul\\Desktop\\SUPINFO\\NodeJS\\JSProject\\JSProject\\middlewares\\roleMiddleware.js","statementMap":{"0":{"start":{"line":1,"column":30},"end":{"line":24,"column":1}},"1":{"start":{"line":2,"column":4},"end":{"line":23,"column":6}},"2":{"start":{"line":3,"column":8},"end":{"line":22,"column":9}},"3":{"start":{"line":6,"column":12},"end":{"line":8,"column":13}},"4":{"start":{"line":7,"column":16},"end":{"line":7,"column":30}},"5":{"start":{"line":11,"column":12},"end":{"line":15,"column":13}},"6":{"start":{"line":12,"column":16},"end":{"line":14,"column":19}},"7":{"start":{"line":18,"column":12},"end":{"line":18,"column":19}},"8":{"start":{"line":21,"column":12},"end":{"line":21,"column":94}}},"fnMap":{"0":{"name":"(anonymous_0)","decl":{"start":{"line":1,"column":30},"end":{"line":1,"column":31}},"loc":{"start":{"line":1,"column":49},"end":{"line":24,"column":1}},"line":1},"1":{"name":"(anonymous_1)","decl":{"start":{"line":2,"column":11},"end":{"line":2,"column":12}},"loc":{"start":{"line":2,"column":31},"end":{"line":23,"column":5}},"line":2}},"branchMap":{"0":{"loc":{"start":{"line":6,"column":12},"end":{"line":8,"column":13}},"type":"if","locations":[{"start":{"line":6,"column":12},"end":{"line":8,"column":13}},{"start":{},"end":{}}],"line":6},"1":{"loc":{"start":{"line":11,"column":12},"end":{"line":15,"column":13}},"type":"if","locations":[{"start":{"line":11,"column":12},"end":{"line":15,"column":13}},{"start":{},"end":{}}],"line":11}},"s":{"0":4,"1":48,"2":0,"3":0,"4":0,"5":0,"6":0,"7":0,"8":0},"f":{"0":48,"1":0},"b":{"0":[0,0],"1":[0,0]},"_coverageSchema":"1a1c01bbd47fc00a2c39e90264f33305004495a9","hash":"7eb380b4e15827c8acdbb11a09d052f1553ab420"}
,"C:\\Users\\Paul\\Desktop\\SUPINFO\\NodeJS\\JSProject\\JSProject\\middlewares\\validateSchemaMiddleware.js": {"path":"C:\\Users\\Paul\\Desktop\\SUPINFO\\NodeJS\\JSProject\\JSProject\\middlewares\\validateSchemaMiddleware.js","statementMap":{"0":{"start":{"line":1,"column":40},"end":{"line":16,"column":1}},"1":{"start":{"line":2,"column":1},"end":{"line":15,"column":3}},"2":{"start":{"line":3,"column":2},"end":{"line":14,"column":3}},"3":{"start":{"line":4,"column":3},"end":{"line":4,"column":32}},"4":{"start":{"line":5,"column":3},"end":{"line":5,"column":10}},"5":{"start":{"line":7,"column":3},"end":{"line":13,"column":6}},"6":{"start":{"line":11,"column":22},"end":{"line":11,"column":35}}},"fnMap":{"0":{"name":"(anonymous_0)","decl":{"start":{"line":1,"column":40},"end":{"line":1,"column":41}},"loc":{"start":{"line":1,"column":52},"end":{"line":16,"column":1}},"line":1},"1":{"name":"(anonymous_1)","decl":{"start":{"line":2,"column":8},"end":{"line":2,"column":9}},"loc":{"start":{"line":2,"column":34},"end":{"line":15,"column":2}},"line":2},"2":{"name":"(anonymous_2)","decl":{"start":{"line":11,"column":11},"end":{"line":11,"column":12}},"loc":{"start":{"line":11,"column":22},"end":{"line":11,"column":35}},"line":11}},"branchMap":{},"s":{"0":4,"1":40,"2":12,"3":12,"4":4,"5":8,"6":11},"f":{"0":40,"1":12,"2":11},"b":{},"_coverageSchema":"1a1c01bbd47fc00a2c39e90264f33305004495a9","hash":"cb62d33917bc6d04199cc51aaad7d66f6074c5a1"}
,"C:\\Users\\Paul\\Desktop\\SUPINFO\\NodeJS\\JSProject\\JSProject\\models\\reservationModel.js": {"path":"C:\\Users\\Paul\\Desktop\\SUPINFO\\NodeJS\\JSProject\\JSProject\\models\\reservationModel.js","statementMap":{"0":{"start":{"line":3,"column":26},"end":{"line":37,"column":2}},"1":{"start":{"line":39,"column":27},"end":{"line":39,"column":75}}},"fnMap":{},"branchMap":{},"s":{"0":4,"1":4},"f":{},"b":{},"_coverageSchema":"1a1c01bbd47fc00a2c39e90264f33305004495a9","hash":"693a37d33260251f2b79bbd8031b35fd7308687f"}
,"C:\\Users\\Paul\\Desktop\\SUPINFO\\NodeJS\\JSProject\\JSProject\\models\\trainModel.js": {"path":"C:\\Users\\Paul\\Desktop\\SUPINFO\\NodeJS\\JSProject\\JSProject\\models\\trainModel.js","statementMap":{"0":{"start":{"line":6,"column":20},"end":{"line":27,"column":2}},"1":{"start":{"line":29,"column":21},"end":{"line":29,"column":57}}},"fnMap":{},"branchMap":{},"s":{"0":4,"1":4},"f":{},"b":{},"_coverageSchema":"1a1c01bbd47fc00a2c39e90264f33305004495a9","hash":"245f6c2cb9bea94ffb3e130c2b9cf1122a6a1033"}
,"C:\\Users\\Paul\\Desktop\\SUPINFO\\NodeJS\\JSProject\\JSProject\\models\\trainstationModel.js": {"path":"C:\\Users\\Paul\\Desktop\\SUPINFO\\NodeJS\\JSProject\\JSProject\\models\\trainstationModel.js","statementMap":{"0":{"start":{"line":6,"column":27},"end":{"line":23,"column":2}},"1":{"start":{"line":26,"column":28},"end":{"line":26,"column":78}}},"fnMap":{},"branchMap":{},"s":{"0":4,"1":4},"f":{},"b":{},"_coverageSchema":"1a1c01bbd47fc00a2c39e90264f33305004495a9","hash":"6b9f1486eae553e3b6baab4f65615cc057a20345"}
,"C:\\Users\\Paul\\Desktop\\SUPINFO\\NodeJS\\JSProject\\JSProject\\models\\userModel.js": {"path":"C:\\Users\\Paul\\Desktop\\SUPINFO\\NodeJS\\JSProject\\JSProject\\models\\userModel.js","statementMap":{"0":{"start":{"line":6,"column":19},"end":{"line":34,"column":2}},"1":{"start":{"line":38,"column":0},"end":{"line":43,"column":3}},"2":{"start":{"line":39,"column":4},"end":{"line":39,"column":52}},"3":{"start":{"line":39,"column":38},"end":{"line":39,"column":52}},"4":{"start":{"line":40,"column":17},"end":{"line":40,"column":41}},"5":{"start":{"line":41,"column":4},"end":{"line":41,"column":59}},"6":{"start":{"line":42,"column":4},"end":{"line":42,"column":11}},"7":{"start":{"line":46,"column":0},"end":{"line":48,"column":2}},"8":{"start":{"line":47,"column":4},"end":{"line":47,"column":57}},"9":{"start":{"line":51,"column":20},"end":{"line":51,"column":54}}},"fnMap":{"0":{"name":"(anonymous_0)","decl":{"start":{"line":38,"column":23},"end":{"line":38,"column":24}},"loc":{"start":{"line":38,"column":45},"end":{"line":43,"column":1}},"line":38},"1":{"name":"(anonymous_1)","decl":{"start":{"line":46,"column":37},"end":{"line":46,"column":38}},"loc":{"start":{"line":46,"column":63},"end":{"line":48,"column":1}},"line":46}},"branchMap":{"0":{"loc":{"start":{"line":39,"column":4},"end":{"line":39,"column":52}},"type":"if","locations":[{"start":{"line":39,"column":4},"end":{"line":39,"column":52}},{"start":{},"end":{}}],"line":39}},"s":{"0":4,"1":4,"2":1,"3":0,"4":1,"5":1,"6":1,"7":4,"8":0,"9":4},"f":{"0":1,"1":0},"b":{"0":[0,1]},"_coverageSchema":"1a1c01bbd47fc00a2c39e90264f33305004495a9","hash":"5e1f68df8e006c8c4deb58f20a626db3734297a8"}
,"C:\\Users\\Paul\\Desktop\\SUPINFO\\NodeJS\\JSProject\\JSProject\\routes\\reservationRoutes.js": {"path":"C:\\Users\\Paul\\Desktop\\SUPINFO\\NodeJS\\JSProject\\JSProject\\routes\\reservationRoutes.js","statementMap":{"0":{"start":{"line":11,"column":15},"end":{"line":11,"column":31}},"1":{"start":{"line":13,"column":0},"end":{"line":13,"column":39}},"2":{"start":{"line":15,"column":0},"end":{"line":15,"column":27}},"3":{"start":{"line":17,"column":0},"end":{"line":17,"column":120}},"4":{"start":{"line":19,"column":0},"end":{"line":19,"column":76}},"5":{"start":{"line":21,"column":0},"end":{"line":21,"column":79}},"6":{"start":{"line":23,"column":0},"end":{"line":23,"column":75}},"7":{"start":{"line":25,"column":0},"end":{"line":25,"column":135}},"8":{"start":{"line":27,"column":0},"end":{"line":27,"column":139}}},"fnMap":{},"branchMap":{},"s":{"0":4,"1":4,"2":4,"3":4,"4":4,"5":4,"6":4,"7":4,"8":4},"f":{},"b":{},"_coverageSchema":"1a1c01bbd47fc00a2c39e90264f33305004495a9","hash":"74ff2dabb866462293b968fbad76238e15eeb063"}
,"C:\\Users\\Paul\\Desktop\\SUPINFO\\NodeJS\\JSProject\\JSProject\\routes\\trainRoutes.js": {"path":"C:\\Users\\Paul\\Desktop\\SUPINFO\\NodeJS\\JSProject\\JSProject\\routes\\trainRoutes.js","statementMap":{"0":{"start":{"line":9,"column":15},"end":{"line":9,"column":31}},"1":{"start":{"line":11,"column":0},"end":{"line":11,"column":27}},"2":{"start":{"line":13,"column":0},"end":{"line":13,"column":33}},"3":{"start":{"line":15,"column":0},"end":{"line":15,"column":26}},"4":{"start":{"line":16,"column":0},"end":{"line":16,"column":37}},"5":{"start":{"line":18,"column":0},"end":{"line":18,"column":66}},"6":{"start":{"line":20,"column":0},"end":{"line":20,"column":77}},"7":{"start":{"line":22,"column":0},"end":{"line":22,"column":35}}},"fnMap":{},"branchMap":{},"s":{"0":4,"1":4,"2":4,"3":4,"4":4,"5":4,"6":4,"7":4},"f":{},"b":{},"_coverageSchema":"1a1c01bbd47fc00a2c39e90264f33305004495a9","hash":"bde6669312621a875b7d3dfc9394e95c1a8d7b66"}
,"C:\\Users\\Paul\\Desktop\\SUPINFO\\NodeJS\\JSProject\\JSProject\\routes\\trainstationRoutes.js": {"path":"C:\\Users\\Paul\\Desktop\\SUPINFO\\NodeJS\\JSProject\\JSProject\\routes\\trainstationRoutes.js","statementMap":{"0":{"start":{"line":11,"column":15},"end":{"line":11,"column":31}},"1":{"start":{"line":13,"column":0},"end":{"line":13,"column":34}},"2":{"start":{"line":15,"column":0},"end":{"line":15,"column":40}},"3":{"start":{"line":17,"column":0},"end":{"line":17,"column":26}},"4":{"start":{"line":18,"column":0},"end":{"line":18,"column":37}},"5":{"start":{"line":20,"column":0},"end":{"line":20,"column":97}},"6":{"start":{"line":22,"column":0},"end":{"line":22,"column":108}},"7":{"start":{"line":24,"column":0},"end":{"line":24,"column":42}}},"fnMap":{},"branchMap":{},"s":{"0":4,"1":4,"2":4,"3":4,"4":4,"5":4,"6":4,"7":4},"f":{},"b":{},"_coverageSchema":"1a1c01bbd47fc00a2c39e90264f33305004495a9","hash":"da821d17a3aebf28f675b7efa330bfd5201209cd"}
,"C:\\Users\\Paul\\Desktop\\SUPINFO\\NodeJS\\JSProject\\JSProject\\routes\\userRoutes.js": {"path":"C:\\Users\\Paul\\Desktop\\SUPINFO\\NodeJS\\JSProject\\JSProject\\routes\\userRoutes.js","statementMap":{"0":{"start":{"line":12,"column":15},"end":{"line":12,"column":31}},"1":{"start":{"line":14,"column":0},"end":{"line":14,"column":80}},"2":{"start":{"line":16,"column":0},"end":{"line":16,"column":70}},"3":{"start":{"line":18,"column":0},"end":{"line":18,"column":27}},"4":{"start":{"line":20,"column":0},"end":{"line":20,"column":70}},"5":{"start":{"line":22,"column":0},"end":{"line":22,"column":73}},"6":{"start":{"line":24,"column":0},"end":{"line":24,"column":136}},"7":{"start":{"line":26,"column":0},"end":{"line":26,"column":60}}},"fnMap":{},"branchMap":{},"s":{"0":4,"1":4,"2":4,"3":4,"4":4,"5":4,"6":4,"7":4},"f":{},"b":{},"_coverageSchema":"1a1c01bbd47fc00a2c39e90264f33305004495a9","hash":"ce629c7cda54759b0cb168b572d578be098dae2f"}
,"C:\\Users\\Paul\\Desktop\\SUPINFO\\NodeJS\\JSProject\\JSProject\\schemas\\loginSchema.js": {"path":"C:\\Users\\Paul\\Desktop\\SUPINFO\\NodeJS\\JSProject\\JSProject\\schemas\\loginSchema.js","statementMap":{"0":{"start":{"line":3,"column":27},"end":{"line":6,"column":2}}},"fnMap":{},"branchMap":{},"s":{"0":4},"f":{},"b":{},"_coverageSchema":"1a1c01bbd47fc00a2c39e90264f33305004495a9","hash":"859d9fd967a63531aba94d8f25df605f56f707cc"}
,"C:\\Users\\Paul\\Desktop\\SUPINFO\\NodeJS\\JSProject\\JSProject\\schemas\\registerSchema.js": {"path":"C:\\Users\\Paul\\Desktop\\SUPINFO\\NodeJS\\JSProject\\JSProject\\schemas\\registerSchema.js","statementMap":{"0":{"start":{"line":4,"column":30},"end":{"line":15,"column":4}},"1":{"start":{"line":12,"column":24},"end":{"line":12,"column":42}},"2":{"start":{"line":13,"column":24},"end":{"line":13,"column":42}},"3":{"start":{"line":14,"column":24},"end":{"line":14,"column":42}}},"fnMap":{"0":{"name":"(anonymous_0)","decl":{"start":{"line":12,"column":14},"end":{"line":12,"column":15}},"loc":{"start":{"line":12,"column":24},"end":{"line":12,"column":42}},"line":12},"1":{"name":"(anonymous_1)","decl":{"start":{"line":13,"column":14},"end":{"line":13,"column":15}},"loc":{"start":{"line":13,"column":24},"end":{"line":13,"column":42}},"line":13},"2":{"name":"(anonymous_2)","decl":{"start":{"line":14,"column":14},"end":{"line":14,"column":15}},"loc":{"start":{"line":14,"column":24},"end":{"line":14,"column":42}},"line":14}},"branchMap":{},"s":{"0":4,"1":4,"2":4,"3":4},"f":{"0":4,"1":4,"2":4},"b":{},"_coverageSchema":"1a1c01bbd47fc00a2c39e90264f33305004495a9","hash":"1fac32b7bdae6c7f9ee57e26d5c3f92d3f8b9174"}
,"C:\\Users\\Paul\\Desktop\\SUPINFO\\NodeJS\\JSProject\\JSProject\\schemas\\reservationSchema.js": {"path":"C:\\Users\\Paul\\Desktop\\SUPINFO\\NodeJS\\JSProject\\JSProject\\schemas\\reservationSchema.js","statementMap":{"0":{"start":{"line":3,"column":33},"end":{"line":5,"column":2}}},"fnMap":{},"branchMap":{},"s":{"0":4},"f":{},"b":{},"_coverageSchema":"1a1c01bbd47fc00a2c39e90264f33305004495a9","hash":"f0aaa37311c985e0a89d1d292c157dc36efc8bd9"}
,"C:\\Users\\Paul\\Desktop\\SUPINFO\\NodeJS\\JSProject\\JSProject\\schemas\\trainSchema.js": {"path":"C:\\Users\\Paul\\Desktop\\SUPINFO\\NodeJS\\JSProject\\JSProject\\schemas\\trainSchema.js","statementMap":{"0":{"start":{"line":3,"column":27},"end":{"line":9,"column":2}}},"fnMap":{},"branchMap":{},"s":{"0":4},"f":{},"b":{},"_coverageSchema":"1a1c01bbd47fc00a2c39e90264f33305004495a9","hash":"21a91b41928691c73c0c81972d94254b8ef77883"}
,"C:\\Users\\Paul\\Desktop\\SUPINFO\\NodeJS\\JSProject\\JSProject\\schemas\\trainstationSchema.js": {"path":"C:\\Users\\Paul\\Desktop\\SUPINFO\\NodeJS\\JSProject\\JSProject\\schemas\\trainstationSchema.js","statementMap":{"0":{"start":{"line":3,"column":34},"end":{"line":7,"column":2}}},"fnMap":{},"branchMap":{},"s":{"0":4},"f":{},"b":{},"_coverageSchema":"1a1c01bbd47fc00a2c39e90264f33305004495a9","hash":"5b0264eaba9b577168bdca64fa2cf53cd59693fa"}
,"C:\\Users\\Paul\\Desktop\\SUPINFO\\NodeJS\\JSProject\\JSProject\\schemas\\updateaccountSchema.js": {"path":"C:\\Users\\Paul\\Desktop\\SUPINFO\\NodeJS\\JSProject\\JSProject\\schemas\\updateaccountSchema.js","statementMap":{"0":{"start":{"line":3,"column":35},"end":{"line":12,"column":2}}},"fnMap":{},"branchMap":{},"s":{"0":4},"f":{},"b":{},"_coverageSchema":"1a1c01bbd47fc00a2c39e90264f33305004495a9","hash":"5b534aa3463c761f52f85b8cb3586856f1e7474e"}
,"C:\\Users\\Paul\\Desktop\\SUPINFO\\NodeJS\\JSProject\\JSProject\\schemas\\updatereservationSchema.js": {"path":"C:\\Users\\Paul\\Desktop\\SUPINFO\\NodeJS\\JSProject\\JSProject\\schemas\\updatereservationSchema.js","statementMap":{"0":{"start":{"line":3,"column":39},"end":{"line":5,"column":2}}},"fnMap":{},"branchMap":{},"s":{"0":4},"f":{},"b":{},"_coverageSchema":"1a1c01bbd47fc00a2c39e90264f33305004495a9","hash":"3effa9c585974cc344d26b32e580966bbaa8e427"}
,"C:\\Users\\Paul\\Desktop\\SUPINFO\\NodeJS\\JSProject\\JSProject\\schemas\\updatetrainSchema.js": {"path":"C:\\Users\\Paul\\Desktop\\SUPINFO\\NodeJS\\JSProject\\JSProject\\schemas\\updatetrainSchema.js","statementMap":{"0":{"start":{"line":3,"column":33},"end":{"line":9,"column":2}}},"fnMap":{},"branchMap":{},"s":{"0":4},"f":{},"b":{},"_coverageSchema":"1a1c01bbd47fc00a2c39e90264f33305004495a9","hash":"d653d14893330ff610d0c08c94962a51b977644f"}
,"C:\\Users\\Paul\\Desktop\\SUPINFO\\NodeJS\\JSProject\\JSProject\\schemas\\updatetrainstationSchema.js": {"path":"C:\\Users\\Paul\\Desktop\\SUPINFO\\NodeJS\\JSProject\\JSProject\\schemas\\updatetrainstationSchema.js","statementMap":{"0":{"start":{"line":3,"column":40},"end":{"line":7,"column":2}}},"fnMap":{},"branchMap":{},"s":{"0":4},"f":{},"b":{},"_coverageSchema":"1a1c01bbd47fc00a2c39e90264f33305004495a9","hash":"5e3c7bbab43a4f13b06a368c8e200f9e9116b884"}
}
