TN:
SF:server-express.js
FN:17,(anonymous_0)
FN:20,(anonymous_1)
FN:32,(anonymous_2)
FN:36,(anonymous_3)
FNF:4
FNH:3
FNDA:4,(anonymous_0)
FNDA:0,(anonymous_1)
FNDA:1,(anonymous_2)
FNDA:4,(anonymous_3)
DA:8,4
DA:10,4
DA:11,4
DA:13,4
DA:14,4
DA:16,4
DA:18,4
DA:20,0
DA:24,4
DA:25,4
DA:26,4
DA:27,4
DA:32,4
DA:33,1
DA:36,4
DA:37,4
LF:16
LH:15
BRDA:13,0,0,4
BRDA:13,0,1,4
BRF:2
BRH:2
end_of_record
TN:
SF:controllers\reservationController.js
FN:5,(anonymous_0)
FN:30,(anonymous_1)
FN:45,(anonymous_2)
FN:60,(anonymous_3)
FN:77,(anonymous_4)
FN:92,(anonymous_5)
FNF:6
FNH:1
FNDA:0,(anonymous_0)
FNDA:0,(anonymous_1)
FNDA:0,(anonymous_2)
FNDA:0,(anonymous_3)
FNDA:1,(anonymous_4)
FNDA:0,(anonymous_5)
DA:5,4
DA:6,0
DA:7,0
DA:9,0
DA:10,0
DA:11,0
DA:14,0
DA:22,0
DA:23,0
DA:25,0
DA:26,0
DA:30,4
DA:31,0
DA:32,0
DA:34,0
DA:35,0
DA:38,0
DA:40,0
DA:41,0
DA:45,4
DA:46,0
DA:47,0
DA:48,0
DA:49,0
DA:51,0
DA:52,0
DA:53,0
DA:55,0
DA:56,0
DA:60,4
DA:61,0
DA:63,0
DA:64,0
DA:66,0
DA:67,0
DA:70,0
DA:72,0
DA:73,0
DA:77,4
DA:78,1
DA:79,1
DA:81,1
DA:82,0
DA:85,1
DA:87,0
DA:88,0
DA:92,4
DA:93,0
DA:94,0
DA:95,0
DA:96,0
DA:99,0
DA:100,0
DA:101,0
DA:104,0
DA:105,0
DA:106,0
DA:108,0
DA:109,0
LF:59
LH:10
BRDA:10,0,0,0
BRDA:10,0,1,0
BRDA:34,1,0,0
BRDA:34,1,1,0
BRDA:48,2,0,0
BRDA:48,2,1,0
BRDA:66,3,0,0
BRDA:66,3,1,0
BRDA:81,4,0,0
BRDA:81,4,1,1
BRDA:95,5,0,0
BRDA:95,5,1,0
BRDA:100,6,0,0
BRDA:100,6,1,0
BRF:14
BRH:1
end_of_record
TN:
SF:controllers\trainController.js
FN:3,(anonymous_0)
FN:12,(anonymous_1)
FN:21,(anonymous_2)
FN:33,(anonymous_3)
FN:48,(anonymous_4)
FNF:5
FNH:2
FNDA:0,(anonymous_0)
FNDA:1,(anonymous_1)
FNDA:2,(anonymous_2)
FNDA:0,(anonymous_3)
FNDA:0,(anonymous_4)
DA:3,4
DA:4,0
DA:5,0
DA:6,0
DA:8,0
DA:12,4
DA:13,1
DA:14,1
DA:15,1
DA:17,0
DA:21,4
DA:22,2
DA:23,2
DA:24,2
DA:25,1
DA:27,1
DA:29,0
DA:33,4
DA:34,0
DA:35,0
DA:36,0
DA:37,0
DA:38,0
DA:40,0
DA:44,0
DA:48,4
DA:49,0
DA:50,0
DA:51,0
DA:52,0
DA:53,0
DA:55,0
DA:59,0
LF:33
LH:13
BRDA:24,0,0,1
BRDA:24,0,1,1
BRDA:37,1,0,0
BRDA:37,1,1,0
BRDA:52,2,0,0
BRDA:52,2,1,0
BRF:6
BRH:2
end_of_record
TN:
SF:controllers\trainstationController.js
FN:14,(anonymous_0)
FN:32,(anonymous_1)
FN:69,(anonymous_2)
FN:109,(anonymous_3)
FN:118,(anonymous_4)
FN:131,(anonymous_5)
FN:150,(anonymous_6)
FNF:7
FNH:2
FNDA:0,(anonymous_0)
FNDA:0,(anonymous_1)
FNDA:0,(anonymous_2)
FNDA:1,(anonymous_3)
FNDA:1,(anonymous_4)
FNDA:0,(anonymous_5)
FNDA:0,(anonymous_6)
DA:10,4
DA:11,4
DA:14,4
DA:15,0
DA:17,0
DA:18,0
DA:20,0
DA:23,0
DA:25,0
DA:26,0
DA:32,4
DA:33,0
DA:34,0
DA:37,0
DA:39,0
DA:42,0
DA:46,0
DA:49,0
DA:56,0
DA:58,0
DA:60,0
DA:64,0
DA:65,0
DA:69,4
DA:70,0
DA:71,0
DA:72,0
DA:74,0
DA:75,0
DA:79,0
DA:80,0
DA:85,0
DA:89,0
DA:92,0
DA:95,0
DA:96,0
DA:97,0
DA:99,0
DA:101,0
DA:103,0
DA:104,0
DA:109,4
DA:110,1
DA:111,1
DA:112,1
DA:114,0
DA:118,4
DA:119,1
DA:120,1
DA:121,1
DA:122,0
DA:124,1
DA:126,0
DA:131,4
DA:132,0
DA:133,0
DA:136,0
DA:137,0
DA:138,0
DA:142,0
DA:150,0
DA:153,0
DA:158,0
DA:167,0
DA:169,0
DA:171,0
LF:66
LH:15
BRDA:17,0,0,0
BRDA:17,0,1,0
BRDA:37,1,0,0
BRDA:37,1,1,0
BRDA:74,2,0,0
BRDA:74,2,1,0
BRDA:79,3,0,0
BRDA:79,3,1,0
BRDA:95,4,0,0
BRDA:95,4,1,0
BRDA:96,5,0,0
BRDA:96,5,1,0
BRDA:97,6,0,0
BRDA:97,6,1,0
BRDA:121,7,0,0
BRDA:121,7,1,1
BRDA:137,8,0,0
BRDA:137,8,1,0
BRF:18
BRH:1
end_of_record
TN:
SF:controllers\userController.js
FN:9,(anonymous_0)
FN:14,(anonymous_1)
FN:36,(anonymous_2)
FN:58,(anonymous_3)
FN:75,(anonymous_4)
FN:86,(anonymous_5)
FN:112,(anonymous_6)
FNF:7
FNH:2
FNDA:0,(anonymous_0)
FNDA:1,(anonymous_1)
FNDA:3,(anonymous_2)
FNDA:0,(anonymous_3)
FNDA:0,(anonymous_4)
FNDA:0,(anonymous_5)
FNDA:0,(anonymous_6)
DA:6,4
DA:9,4
DA:10,0
DA:11,0
DA:14,4
DA:15,1
DA:17,1
DA:19,1
DA:20,1
DA:21,0
DA:25,1
DA:26,1
DA:28,1
DA:29,1
DA:31,0
DA:32,0
DA:36,4
DA:37,3
DA:39,3
DA:40,3
DA:41,3
DA:42,1
DA:45,2
DA:46,2
DA:47,1
DA:50,1
DA:51,1
DA:53,0
DA:54,0
DA:58,4
DA:59,0
DA:60,0
DA:61,0
DA:62,0
DA:64,0
DA:66,0
DA:67,0
DA:69,0
DA:70,0
DA:75,4
DA:76,0
DA:77,0
DA:78,0
DA:80,0
DA:81,0
DA:86,4
DA:87,0
DA:88,0
DA:91,0
DA:92,0
DA:93,0
DA:94,0
DA:99,0
DA:100,0
DA:101,0
DA:103,0
DA:105,0
DA:106,0
DA:112,4
DA:113,0
DA:114,0
DA:115,0
DA:116,0
DA:118,0
DA:120,0
DA:121,0
DA:123,0
DA:124,0
LF:68
LH:26
BRDA:10,0,0,0
BRDA:10,0,1,0
BRDA:20,1,0,0
BRDA:20,1,1,1
BRDA:25,2,0,1
BRDA:25,2,1,1
BRDA:41,3,0,1
BRDA:41,3,1,2
BRDA:46,4,0,1
BRDA:46,4,1,1
BRDA:61,5,0,0
BRDA:61,5,1,0
BRDA:66,6,0,0
BRDA:66,6,1,0
BRDA:91,7,0,0
BRDA:91,7,1,0
BRDA:93,8,0,0
BRDA:93,8,1,0
BRDA:93,9,0,0
BRDA:93,9,1,0
BRDA:100,10,0,0
BRDA:100,10,1,0
BRDA:115,11,0,0
BRDA:115,11,1,0
BRDA:120,12,0,0
BRDA:120,12,1,0
BRF:26
BRH:7
end_of_record
TN:
SF:middlewares\authMiddleware.js
FN:4,(anonymous_0)
FNF:1
FNH:1
FNDA:3,(anonymous_0)
DA:4,4
DA:5,3
DA:7,3
DA:8,3
DA:11,0
DA:13,0
DA:14,0
DA:15,0
DA:16,0
DA:18,0
LF:10
LH:4
BRDA:7,0,0,3
BRDA:7,0,1,0
BRF:2
BRH:1
end_of_record
TN:
SF:middlewares\multerMiddleware.js
FNF:0
FNH:0
DA:4,4
DA:5,4
DA:8,4
LF:3
LH:3
BRF:0
BRH:0
end_of_record
TN:
SF:middlewares\restrictRoleMiddleware.js
FN:1,(anonymous_0)
FNF:1
FNH:0
FNDA:0,(anonymous_0)
DA:1,4
DA:3,0
DA:4,0
DA:7,0
DA:8,0
DA:11,0
DA:12,0
DA:15,0
LF:8
LH:1
BRDA:3,0,0,0
BRDA:3,0,1,0
BRDA:11,1,0,0
BRDA:11,1,1,0
BRDA:11,2,0,0
BRDA:11,2,1,0
BRF:6
BRH:0
end_of_record
TN:
SF:middlewares\roleMiddleware.js
FN:1,(anonymous_0)
FN:2,(anonymous_1)
FNF:2
FNH:1
FNDA:48,(anonymous_0)
FNDA:0,(anonymous_1)
DA:1,4
DA:2,48
DA:3,0
DA:6,0
DA:7,0
DA:11,0
DA:12,0
DA:18,0
DA:21,0
LF:9
LH:2
BRDA:6,0,0,0
BRDA:6,0,1,0
BRDA:11,1,0,0
BRDA:11,1,1,0
BRF:4
BRH:0
end_of_record
TN:
SF:middlewares\validateSchemaMiddleware.js
FN:1,(anonymous_0)
FN:2,(anonymous_1)
FN:11,(anonymous_2)
FNF:3
FNH:3
FNDA:40,(anonymous_0)
FNDA:12,(anonymous_1)
FNDA:11,(anonymous_2)
DA:1,4
DA:2,40
DA:3,12
DA:4,12
DA:5,4
DA:7,8
DA:11,11
LF:7
LH:7
BRF:0
BRH:0
end_of_record
TN:
SF:models\reservationModel.js
FNF:0
FNH:0
DA:3,4
DA:39,4
LF:2
LH:2
BRF:0
BRH:0
end_of_record
TN:
SF:models\trainModel.js
FNF:0
FNH:0
DA:6,4
DA:29,4
LF:2
LH:2
BRF:0
BRH:0
end_of_record
TN:
SF:models\trainstationModel.js
FNF:0
FNH:0
DA:6,4
DA:26,4
LF:2
LH:2
BRF:0
BRH:0
end_of_record
TN:
SF:models\userModel.js
FN:38,(anonymous_0)
FN:46,(anonymous_1)
FNF:2
FNH:1
FNDA:1,(anonymous_0)
FNDA:0,(anonymous_1)
DA:6,4
DA:38,4
DA:39,1
DA:40,1
DA:41,1
DA:42,1
DA:46,4
DA:47,0
DA:51,4
LF:9
LH:8
BRDA:39,0,0,0
BRDA:39,0,1,1
BRF:2
BRH:1
end_of_record
TN:
SF:routes\reservationRoutes.js
FNF:0
FNH:0
DA:11,4
DA:13,4
DA:15,4
DA:17,4
DA:19,4
DA:21,4
DA:23,4
DA:25,4
DA:27,4
LF:9
LH:9
BRF:0
BRH:0
end_of_record
TN:
SF:routes\trainRoutes.js
FNF:0
FNH:0
DA:9,4
DA:11,4
DA:13,4
DA:15,4
DA:16,4
DA:18,4
DA:20,4
DA:22,4
LF:8
LH:8
BRF:0
BRH:0
end_of_record
TN:
SF:routes\trainstationRoutes.js
FNF:0
FNH:0
DA:11,4
DA:13,4
DA:15,4
DA:17,4
DA:18,4
DA:20,4
DA:22,4
DA:24,4
LF:8
LH:8
BRF:0
BRH:0
end_of_record
TN:
SF:routes\userRoutes.js
FNF:0
FNH:0
DA:12,4
DA:14,4
DA:16,4
DA:18,4
DA:20,4
DA:22,4
DA:24,4
DA:26,4
LF:8
LH:8
BRF:0
BRH:0
end_of_record
TN:
SF:schemas\loginSchema.js
FNF:0
FNH:0
DA:3,4
LF:1
LH:1
BRF:0
BRH:0
end_of_record
TN:
SF:schemas\registerSchema.js
FN:12,(anonymous_0)
FN:13,(anonymous_1)
FN:14,(anonymous_2)
FNF:3
FNH:3
FNDA:4,(anonymous_0)
FNDA:4,(anonymous_1)
FNDA:4,(anonymous_2)
DA:4,4
DA:12,4
DA:13,4
DA:14,4
LF:4
LH:4
BRF:0
BRH:0
end_of_record
TN:
SF:schemas\reservationSchema.js
FNF:0
FNH:0
DA:3,4
LF:1
LH:1
BRF:0
BRH:0
end_of_record
TN:
SF:schemas\trainSchema.js
FNF:0
FNH:0
DA:3,4
LF:1
LH:1
BRF:0
BRH:0
end_of_record
TN:
SF:schemas\trainstationSchema.js
FNF:0
FNH:0
DA:3,4
LF:1
LH:1
BRF:0
BRH:0
end_of_record
TN:
SF:schemas\updateaccountSchema.js
FNF:0
FNH:0
DA:3,4
LF:1
LH:1
BRF:0
BRH:0
end_of_record
TN:
SF:schemas\updatereservationSchema.js
FNF:0
FNH:0
DA:3,4
LF:1
LH:1
BRF:0
BRH:0
end_of_record
TN:
SF:schemas\updatetrainSchema.js
FNF:0
FNH:0
DA:3,4
LF:1
LH:1
BRF:0
BRH:0
end_of_record
TN:
SF:schemas\updatetrainstationSchema.js
FNF:0
FNH:0
DA:3,4
LF:1
LH:1
BRF:0
BRH:0
end_of_record
